<?xml version="1.0" encoding="UTF-8" ?>
<testsuite tests="2" failures="1" name="TestSuite" time="9.618" errors="0" skipped="1">
  <properties>
    <property name="jansi.mode" value="force"/>
    <property name="java.runtime.name" value="OpenJDK Runtime Environment"/>
    <property name="java.vm.version" value="15.0.1+9-18"/>
    <property name="sun.boot.library.path" value="C:\Users\sriva\.p2\pool\plugins\org.eclipse.justj.openjdk.hotspot.jre.full.win32.x86_64_15.0.1.v20201027-0507\jre\bin"/>
    <property name="maven.multiModuleProjectDirectory" value="C:\Users\sriva\eclipse-workspace\SearchEngine-Assignment"/>
    <property name="java.vm.vendor" value="Oracle Corporation"/>
    <property name="java.vendor.url" value="https://java.oracle.com/"/>
    <property name="guice.disable.misplaced.annotation.check" value="true"/>
    <property name="path.separator" value=";"/>
    <property name="java.vm.name" value="OpenJDK 64-Bit Server VM"/>
    <property name="sun.os.patch.level" value=""/>
    <property name="user.script" value=""/>
    <property name="user.country" value="IN"/>
    <property name="sun.java.launcher" value="SUN_STANDARD"/>
    <property name="java.vm.specification.name" value="Java Virtual Machine Specification"/>
    <property name="user.dir" value="C:\Users\sriva\eclipse-workspace\SearchEngine-Assignment"/>
    <property name="java.vm.compressedOopsMode" value="32-bit"/>
    <property name="java.runtime.version" value="15.0.1+9-18"/>
    <property name="os.arch" value="amd64"/>
    <property name="java.io.tmpdir" value="C:\Users\sriva\AppData\Local\Temp\"/>
    <property name="line.separator" value="
"/>
    <property name="java.vm.specification.vendor" value="Oracle Corporation"/>
    <property name="user.variant" value=""/>
    <property name="os.name" value="Windows 10"/>
    <property name="classworlds.conf" value="C:\Users\sriva\eclipse-workspace\.metadata\.plugins\org.eclipse.m2e.launching\launches\m2conf15330898509588999513.tmp"/>
    <property name="sun.jnu.encoding" value="Cp1252"/>
    <property name="java.library.path" value="C:\Users\sriva\.p2\pool\plugins\org.eclipse.justj.openjdk.hotspot.jre.full.win32.x86_64_15.0.1.v20201027-0507\jre\bin;C:\WINDOWS\Sun\Java\bin;C:\WINDOWS\system32;C:\WINDOWS;C:/Users/sriva/.p2/pool/plugins/org.eclipse.justj.openjdk.hotspot.jre.full.win32.x86_64_17.0.5.v20221102-0933/jre/bin/server;C:/Users/sriva/.p2/pool/plugins/org.eclipse.justj.openjdk.hotspot.jre.full.win32.x86_64_17.0.5.v20221102-0933/jre/bin;C:\Program Files\Common Files\Oracle\Java\javapath;C:\Program Files (x86)\Common Files\Oracle\Java\javapath;C:\WINDOWS\system32;C:\WINDOWS;C:\WINDOWS\System32\Wbem;C:\WINDOWS\System32\WindowsPowerShell\v1.0\;C:\WINDOWS\System32\OpenSSH\;C:\TestLeaf\Java;C:\Program Files (x86)\Pulse Secure\VC142.CRT\X64\;C:\Program Files (x86)\Pulse Secure\VC142.CRT\X86\;C:\Program Files\dotnet\;C:\Program Files\Java\jdk-11\bin;C:\Program Files\Git\cmd;C:\Program Files\PuTTY\;C:\Users\sriva\OneDrive\Documents\terraform;C:\Program Files\Amazon\AWSCLIV2\;C:\Program Files\Common Files\Oracle\Java\javapath;%NVM_HOME%;%NVM_SYMLINK%;C:\Users\sriva\AppData\Local\Programs\Python\Python312\Scripts\;C:\Users\sriva\AppData\Local\Programs\Python\Python312\;C:\Users\sriva\AppData\Local\Programs\Python\Launcher\;C:\Users\sriva\scoop\shims;C:\Program Files\Maven\apache-maven-3.8.6-bin\apache-maven-3.8.6\bin;C:\Users\sriva\AppData\Roaming\npm;C:\Users\sriva\AppData\Local\Programs\Microsoft VS Code\bin;C:\Users\sriva\AppData\Local\Box\Box Edit\;C:\Users\sriva\AppData\Roaming\nvm;C:\Program Files\nodejs;C:\WINDOWS\system32;;."/>
    <property name="jdk.debug" value="release"/>
    <property name="java.class.version" value="59.0"/>
    <property name="java.specification.name" value="Java Platform API Specification"/>
    <property name="sun.management.compiler" value="HotSpot 64-Bit Tiered Compilers"/>
    <property name="os.version" value="10.0"/>
    <property name="user.home" value="C:\Users\sriva"/>
    <property name="user.timezone" value="America/Chicago"/>
    <property name="file.encoding" value="windows-1252"/>
    <property name="java.specification.version" value="15"/>
    <property name="user.name" value="sriva"/>
    <property name="java.class.path" value="C:\Users\sriva\.p2\pool\plugins\org.eclipse.m2e.maven.runtime_3.8.604.20221130-2149\jars\plexus-classworlds-2.6.0.jar"/>
    <property name="java.vm.specification.version" value="15"/>
    <property name="sun.arch.data.model" value="64"/>
    <property name="sun.java.command" value="org.codehaus.plexus.classworlds.launcher.Launcher -B -Dstyle.color=always test"/>
    <property name="java.home" value="C:\Users\sriva\.p2\pool\plugins\org.eclipse.justj.openjdk.hotspot.jre.full.win32.x86_64_15.0.1.v20201027-0507\jre"/>
    <property name="user.language" value="en"/>
    <property name="java.specification.vendor" value="Oracle Corporation"/>
    <property name="java.vm.info" value="mixed mode"/>
    <property name="java.version" value="15.0.1"/>
    <property name="java.vendor" value="Oracle Corporation"/>
    <property name="maven.home" value="C:\Users\sriva\eclipse-workspace\SearchEngine-Assignment\EMBEDDED"/>
    <property name="style.color" value="always"/>
    <property name="file.separator" value="\"/>
    <property name="java.version.date" value="2020-10-20"/>
    <property name="java.vendor.url.bug" value="https://bugreport.java.com/bugreport/"/>
    <property name="sun.io.unicode.encoding" value="UnicodeLittle"/>
    <property name="sun.cpu.endian" value="little"/>
    <property name="m2e.build.project.data.socket.port" value="51388"/>
    <property name="sun.cpu.isalist" value="amd64"/>
  </properties>
  <testcase classname="com.searchengine.qa.tests.SearchEngineTest" name="verifyResultsSetup" time="4.805">
    <failure message="Cannot invoke &quot;java.util.Properties.getProperty(String)&quot; because &quot;this.prop&quot; is null" type="java.lang.NullPointerException">java.lang.NullPointerException: Cannot invoke &quot;java.util.Properties.getProperty(String)&quot; because &quot;this.prop&quot; is null
	at com.searchengine.qa.tests.SearchEngineTest.verifyResultsSetup(SearchEngineTest.java:16)
</failure>
    <system-out>Configuring TestNG with: org.apache.maven.surefire.testng.conf.TestNG652Configurator@167fdd33
</system-out>
    <system-err>SLF4J(W): No SLF4J providers were found.
SLF4J(W): Defaulting to no-operation (NOP) logger implementation
SLF4J(W): See https://www.slf4j.org/codes.html#noProviders for further details.
Starting ChromeDriver 120.0.6099.109 (3419140ab665596f21b385ce136419fde0924272-refs/branch-heads/6099@{#1483}) on port 35760
Only local connections are allowed.
Please see https://chromedriver.chromium.org/security-considerations for suggestions on keeping ChromeDriver safe.
ChromeDriver was started successfully.
Jan 31, 2024 9:55:10 PM org.openqa.selenium.remote.ProtocolHandshake createSession
INFO: Detected dialect: W3C
</system-err>
  </testcase>
  <testcase classname="com.searchengine.qa.tests.SearchEngineTest" name="searchAndVerifyFirstResult" time="4.813">
    <skipped/>
  </testcase>
</testsuite>