<?xml version="1.0" encoding="UTF-8"?>
<!-- Generated by org.testng.reporters.JUnitReportReporter -->
<testsuite hostname="DESKTOP-9CC8H0S" failures="0" tests="4" name="com.searchengine.qa.tests.SearchEngineTest" time="23.587" errors="0" timestamp="07 Feb 2024 05:35:01 GMT" skipped="0">
  <testcase classname="com.searchengine.qa.tests.SearchEngineTest" name="searchAndVerifyFirstResult" time="4.621"/>
  <testcase classname="com.searchengine.qa.tests.SearchEngineTest" name="searchAndVerifyFirstResult" time="5.860"/>
  <testcase classname="com.searchengine.qa.tests.SearchEngineTest" name="searchAndVerifyFirstResult" time="7.218"/>
  <testcase classname="com.searchengine.qa.tests.SearchEngineTest" name="searchAndVerifyFirstResult" time="5.888"/>
</testsuite> <!-- com.searchengine.qa.tests.SearchEngineTest -->
