<?xml version="1.0" encoding="UTF-8"?>
<!-- Generated by org.testng.reporters.JUnitReportReporter -->
<testsuite hostname="DESKTOP-9CC8H0S" failures="0" tests="4" name="com.searchengine.qa.tests.SearchEngineTest" time="51.962" errors="0" timestamp="01 Feb 2024 23:21:36 GMT" skipped="0">
  <testcase classname="com.searchengine.qa.tests.SearchEngineTest" name="searchAndVerifyFirstResult" time="12.963"/>
  <testcase classname="com.searchengine.qa.tests.SearchEngineTest" name="searchAndVerifyFirstResult" time="10.905"/>
  <testcase classname="com.searchengine.qa.tests.SearchEngineTest" name="searchAndVerifyFirstResult" time="13.808"/>
  <testcase classname="com.searchengine.qa.tests.SearchEngineTest" name="searchAndVerifyFirstResult" time="14.286"/>
</testsuite> <!-- com.searchengine.qa.tests.SearchEngineTest -->
